<?xml version="1.0" encoding="UTF-8"?>
<!-- Generated by org.testng.reporters.JUnitXMLReporter -->
<testsuite ignored="0" hostname="P2ELT18" failures="0" tests="4" name="Test" time="247.804" errors="0" timestamp="2024-11-23T16:31:41 IST">
  <testcase classname="Testcase.usecase_1" name="erailusecase" time="103.853"/>
  <testcase classname="Testcase.usecase_2" name="verifyloginfunctionality" time="67.691"/>
  <testcase classname="Testcase.usecase_2" name="verifyloginfunctionality" time="35.823"/>
  <testcase classname="Testcase.usecase_2" name="verifyloginfunctionality" time="33.062"/>
</testsuite> <!-- Test -->
